
(Loading /home/deginev/perl5/lib/perl5/LaTeXML/Package/TeX.pool.ltxml...
(Loading /home/deginev/perl5/lib/perl5/LaTeXML/Package/eTeX.pool.ltxml... 0.01 sec)
(Loading /home/deginev/perl5/lib/perl5/LaTeXML/Package/pdfTeX.pool.ltxml... 0.01 sec) 0.32 sec)
(Loading /home/deginev/perl5/lib/perl5/LaTeXML/Package/latexml.sty.ltxml... 0.02 sec)
(Loading /home/deginev/perl5/lib/perl5/LaTeXML/Package/llamapun.sty.ltxml... 0.01 sec)

latexml_worker (LaTeXML version 0.8.3; revision 0dba109)
processing started Tue Aug 14 04:07:05 2018

(Digesting TeX mypaper...
(Processing content /dev/shm/GCc3znORpH/mypaper.tex...
(Loading /home/deginev/perl5/lib/perl5/LaTeXML/Package/LaTeX.pool.ltxml... 0.29 sec)
(Loading /home/deginev/perl5/lib/perl5/LaTeXML/Package/aa.cls.ltxml...
(Loading /home/deginev/perl5/lib/perl5/LaTeXML/Package/article.cls.ltxml... 0.01 sec)
(Loading /home/deginev/perl5/lib/perl5/LaTeXML/Package/aa_support.sty.ltxml...
(Loading /home/deginev/perl5/lib/perl5/LaTeXML/Package/natbib.sty.ltxml... 0.02 sec)
Info:unexpected:hideoverfull Unexpected options passed to ExecuteOptions 'hideoverfull'
	at aa_support.sty.ltxml; line 44

Info:unexpected:utf8 Unexpected options passed to ExecuteOptions 'utf8'
	at aa_support.sty.ltxml; line 44

(Loading /home/deginev/perl5/lib/perl5/LaTeXML/Package/inst_support.sty.ltxml... 0.00 sec) 0.07 sec) 0.08 sec)
(Processing content /dev/shm/GCc3znORpH/eps.tex... 0.01 sec) 10.54 sec) 10.75 sec)
(Building...
(Loading compiled schema /home/deginev/perl5/lib/perl5/LaTeXML/resources/RelaxNG/LaTeXML.model... 0.02 sec)....................................................................................................................................................................................................................................... 6.39 sec)
(Rewriting... 0.17 sec)
(Math Parsing...423 formulae ...[1][2][3][4][5][6][7][8]
Warning:not_parsed:FLOATSUBSCRIPT>RELOP MathParser failed to match rule 'Anything'
	at mypaper.tex; line 102 col 31 - line 103 col 46
	In "${}_{\rm d}=0.0075$"
	{}_{\rmd}[[FLOATSUBSCRIPT]]
	        > =[[RELOP]] 0.0075[[NUMBER]]
[F9][10][11][12][13][14][15][16][17][18][19][20][21][22][23][24][25][26][27][28][29][30][31][32][33][34][35][36][37][38][39][40][41][42][43][44][45][46][47][48][49][50][51][52][53][54][55][56][57][58][59][60][61]
Warning:not_parsed:>PUNCT MathParser failed to match rule 'Anything'
	at mypaper.tex; line 308 col 28 - line 309 col 6
	In "$\displaystyle\zeta({\rm E})=\left\{\begin{array}[]{ll}1&,\quad{\rm E}<{\rm E^%
	{*}},\\
	{\rm E^{*}/E}&,\quad{\rm otherwise},\\
	\end{array}\right.\@@ENDINLINEMATH"
	> ,[[PUNCT]] E[[UNKNOWN]] <[[RELOP]] E[[UNKNOWN]] ^{*}[[POSTSUPERSCRIPT]]

Warning:not_parsed:>PUNCT MathParser failed to match rule 'Anything'
	at mypaper.tex; line 309 col 25 - line 310 col 16
	> ,[[PUNCT]] otherwise[[UNKNOWN]]
[62]
Warning:not_parsed:>PUNCT MathParser failed to match rule 'Anything'
	at mypaper.tex; line 308 col 28 - line 309 col 6
	In "$\displaystyle\zeta({\rm E})=\left\{\begin{array}[]{ll}1&,\quad{\rm E}<{\rm E^%
	{*}},\\
	{\rm E^{*}/E}&,\quad{\rm otherwise},\\
	\end{array}\right.$"
	> ,[[PUNCT]] E[[UNKNOWN]] <[[RELOP]] E[[UNKNOWN]] ^{*}[[POSTSUPERSCRIPT]]

Warning:not_parsed:>PUNCT MathParser failed to match rule 'Anything'
	at mypaper.tex; line 309 col 25 - line 310 col 16
	> ,[[PUNCT]] otherwise[[UNKNOWN]]
[63][64]
Warning:not_parsed:UNKNOWN.POSTSUPERSCRIPT.CLOSE>MULOP MathParser failed to match rule 'Anything'
	at mypaper.tex; line 317 col 76 - line 318 col 7
	In "$\displaystyle{\rm E^{*}[keV]}=\frac{1}{3}~{}{\rm a}[\mu m]~{}\rho[{\rm g/cm^{%
	3}}]\times\@@ENDINLINEMATH"
	E[[UNKNOWN]] ^{*}[[POSTSUPERSCRIPT]] [[[OPEN]] keV[[UNKNOWN]] ][[CLOSE]] =[[RELOP]] \frac{1}{3}[[UNKNOWN]] a[[UNKNOWN]] [[[OPEN]] μ[[UNKNOWN]] m[[UNKNOWN]] ][[CLOSE]] ρ[[UNKNOWN]] [[[OPEN]] g[[UNKNOWN]] /[[MULOP]] cm[[UNKNOWN]] ^{3}[[POSTSUPERSCRIPT]] ][[CLOSE]]
	        > ×[[MULOP]]
[F65]
Warning:not_parsed:UNKNOWN.POSTSUPERSCRIPT.CLOSE>MULOP MathParser failed to match rule 'Anything'
	at mypaper.tex; line 317 col 76 - line 318 col 84
	In "$\displaystyle{\rm E^{*}[keV]}=\frac{1}{3}~{}{\rm a}[\mu m]~{}\rho[{\rm g/cm^{%
	3}}]\times$"
	E[[UNKNOWN]] ^{*}[[POSTSUPERSCRIPT]] [[[OPEN]] keV[[UNKNOWN]] ][[CLOSE]] =[[RELOP]] \frac{1}{3}[[UNKNOWN]] a[[UNKNOWN]] [[[OPEN]] μ[[UNKNOWN]] m[[UNKNOWN]] ][[CLOSE]] ρ[[UNKNOWN]] [[[OPEN]] g[[UNKNOWN]] /[[MULOP]] cm[[UNKNOWN]] ^{3}[[POSTSUPERSCRIPT]] ][[CLOSE]]
	        > ×[[MULOP]]
[F66][67][68]
Warning:not_parsed:FLOATSUPERSCRIPT>NUMBER MathParser failed to match rule 'Anything'
	at String; line 0 col 1 - line 0 col 0
	In "${}^{\prime}.67$"
	{}^{\prime}[[FLOATSUPERSCRIPT]]
	        > .67[[NUMBER]]
[F69][70][71]
Warning:not_parsed:FLOATSUPERSCRIPT>NUMBER MathParser failed to match rule 'Anything'
	at String; line 0 col 1 - line 0 col 0
	In "${}^{\prime}.67$"
	{}^{\prime}[[FLOATSUPERSCRIPT]]
	        > .67[[NUMBER]]
[F72][73][74][75][76][77]
Warning:not_parsed:FLOATSUPERSCRIPT>NUMBER MathParser failed to match rule 'Anything'
	at mypaper.tex; line 348 col 22 - line 349 col 15
	In "${}^{\prime}.67$"
	{}^{\prime}[[FLOATSUPERSCRIPT]]
	        > .67[[NUMBER]]
[F78]
Warning:not_parsed:FLOATSUBSCRIPT>RELOP MathParser failed to match rule 'Anything'
	at mypaper.tex; line 349 col 32 - line 350 col 37
	In "${}_{\rm e}=0.0358$"
	{}_{\rme}[[FLOATSUBSCRIPT]]
	        > =[[RELOP]] 0.0358[[NUMBER]]
[F79][80]
Warning:not_parsed:FLOATSUBSCRIPT>RELOP MathParser failed to match rule 'Anything'
	at mypaper.tex; line 350 col 26 - line 351 col 27
	In "${}_{\rm e}=1.30\times 10^{7}$"
	{}_{\rme}[[FLOATSUBSCRIPT]]
	        > =[[RELOP]] 1.30[[NUMBER]] ×[[MULOP]] 10[[NUMBER]] ^{7}[[POSTSUPERSCRIPT]]
[F81][82][83][84][85][86][87][88][89]
Warning:not_parsed:ATOM.ATOM.ATOM>MULOP MathParser failed to match rule 'Anything'
	at mypaper.tex; line 392 col 48 - line 393 col 5
	In "$\displaystyle{\rm N}({\rm a})=\frac{{\rm t}_{\rm sput}}{\rm a}\,\frac{{\rm dM%
	}_{\rm i}}{{\rm dt}}\,\frac{{\rm a}^{-k+1}-{\rm a}_{\rm max}^{-k+1}}{{\rm k-1}%
	}\times\@@ENDINLINEMATH"
	N[[UNKNOWN]] ([[OPEN]] a[[UNKNOWN]] )[[CLOSE]] =[[RELOP]] \frac{{\rmt}_{\rmsput}}{\rma}[[UNKNOWN]] \frac{{\rmdM}_{\rmi}}{{\rmdt}}[[UNKNOWN]] \frac{{\rma}^{-k+1}-{\rma}_{\rmmax}^{-k+1}}{{\rmk-1}}[[UNKNOWN]]
	        > ×[[MULOP]]
[F90]
Warning:not_parsed:ATOM.ATOM.ATOM>MULOP MathParser failed to match rule 'Anything'
	at mypaper.tex; line 392 col 48 - line 395 col 80
	In "$\displaystyle{\rm N}({\rm a})=\frac{{\rm t}_{\rm sput}}{\rm a}\,\frac{{\rm dM%
	}_{\rm i}}{{\rm dt}}\,\frac{{\rm a}^{-k+1}-{\rm a}_{\rm max}^{-k+1}}{{\rm k-1}%
	}\times$"
	N[[UNKNOWN]] ([[OPEN]] a[[UNKNOWN]] )[[CLOSE]] =[[RELOP]] \frac{{\rmt}_{\rmsput}}{\rma}[[UNKNOWN]] \frac{{\rmdM}_{\rmi}}{{\rmdt}}[[UNKNOWN]] \frac{{\rma}^{-k+1}-{\rma}_{\rmmax}^{-k+1}}{{\rmk-1}}[[UNKNOWN]]
	        > ×[[MULOP]]
[F91][92][93][94][95][96][97][98][99]
Warning:not_parsed:OPEN.UNKNOWN.CLOSE>MULOP MathParser failed to match rule 'Anything'
	at mypaper.tex; line 431 col 67 - line 432 col 5
	In "$\displaystyle{\rm F}_{\nu}=\frac{1}{{\rm d}^{2}}\int_{a_{\rm min}}^{a_{\rm max%
	}}{\rm N}({\rm a})\,{\rm da}\,{\pi}\,{\rm a}^{2}\,{\rm Q}_{\nu}({\rm a})\times%
	\times\int_{0}^{\infty}{\rm B}_{\nu}({\rm T}_{\rm d})\,{\rm P}({\rm a},{\rm T}%
	_{\rm d})\,{\rm dT}_{\rm d}\@@ENDINLINEMATH"
	F[[UNKNOWN]] _{\nu}[[POSTSUBSCRIPT]] =[[RELOP]] \frac{1}{{\rmd}^{2}}[[UNKNOWN]] ∫[[INTOP]] _{a_{\rmmin}}[[POSTSUBSCRIPT]] ^{a_{\rmmax}}[[POSTSUPERSCRIPT]] N[[UNKNOWN]] ([[OPEN]] a[[UNKNOWN]] )[[CLOSE]] da[[UNKNOWN]] π[[UNKNOWN]] a[[UNKNOWN]] ^{2}[[POSTSUPERSCRIPT]] Q[[UNKNOWN]] _{\nu}[[POSTSUBSCRIPT]] ([[OPEN]] a[[UNKNOWN]] )[[CLOSE]]
	        > ×[[MULOP]] ×[[MULOP]] ∫[[INTOP]] _{0}[[POSTSUBSCRIPT]] ^{\infty}[[POSTSUPERSCRIPT]] B[[UNKNOWN]] _{\nu}[[POSTSUBSCRIPT]] ([[OPEN]] T[[UNKNOWN]] _{\rmd}[[POSTSUBSCRIPT]] )[[CLOSE]] P[[UNKNOWN]] ([[OPEN]] a[[UNKNOWN]] ,[[PUNCT]] T[[UNKNOWN]] _{\rmd}[[POSTSUBSCRIPT]] )[[CLOSE]] dT[[UNKNOWN]] _{\rmd}[[POSTSUBSCRIPT]]
[F100][101][102]
Warning:not_parsed:OPEN.UNKNOWN.CLOSE>MULOP MathParser failed to match rule 'Anything'
	at mypaper.tex; line 431 col 47 - line 435 col 1
	In "$\displaystyle\frac{1}{{\rm d}^{2}}\int_{a_{\rm min}}^{a_{\rm max}}{\rm N}({%
	\rm a})\,{\rm da}\,{\pi}\,{\rm a}^{2}\,{\rm Q}_{\nu}({\rm a})\times$"
	\frac{1}{{\rmd}^{2}}[[UNKNOWN]] ∫[[INTOP]] _{a_{\rmmin}}[[POSTSUBSCRIPT]] ^{a_{\rmmax}}[[POSTSUPERSCRIPT]] N[[UNKNOWN]] ([[OPEN]] a[[UNKNOWN]] )[[CLOSE]] da[[UNKNOWN]] π[[UNKNOWN]] a[[UNKNOWN]] ^{2}[[POSTSUPERSCRIPT]] Q[[UNKNOWN]] _{\nu}[[POSTSUBSCRIPT]] ([[OPEN]] a[[UNKNOWN]] )[[CLOSE]]
	        > ×[[MULOP]]
[F103]
Warning:not_parsed:INTOP.POSTSUBSCRIPT.POSTSUPERSCRIPT>UNKNOWN MathParser failed to match rule 'Anything'
	at mypaper.tex; line 434 col 63 - line 437 col 14
	In "$\displaystyle\times\int_{0}^{\infty}{\rm B}_{\nu}({\rm T}_{\rm d})\,{\rm P}({%
	\rm a},{\rm T}_{\rm d})\,{\rm dT}_{\rm d}$"
	×[[MULOP]] ∫[[INTOP]] _{0}[[POSTSUBSCRIPT]] ^{\infty}[[POSTSUPERSCRIPT]]
	        > B[[UNKNOWN]] _{\nu}[[POSTSUBSCRIPT]] ([[OPEN]] T[[UNKNOWN]] _{\rmd}[[POSTSUBSCRIPT]] )[[CLOSE]] P[[UNKNOWN]] ([[OPEN]] a[[UNKNOWN]] ,[[PUNCT]] T[[UNKNOWN]] _{\rmd}[[POSTSUBSCRIPT]] )[[CLOSE]] dT[[UNKNOWN]] _{\rmd}[[POSTSUBSCRIPT]]
[F104][105][106][107][108][109][110][111][112][113][114][115][116][117][118][119][120][121][122][123][124][125][126][127][128][129][130][131][132][133][134][135]
Warning:not_parsed:FLOATSUPERSCRIPT>NUMBER MathParser failed to match rule 'Anything'
	at mypaper.tex; line 611 col 58 - line 612 col 28
	In "${}^{\prime}.67$"
	{}^{\prime}[[FLOATSUPERSCRIPT]]
	        > .67[[NUMBER]]
[F136][137][138][139][140][141][142][143][144][145][146][147][148][149][150][151][152][153][154][155][156][157][158][159][160][161]
Warning:not_parsed:FLOATSUBSCRIPT>RELOP MathParser failed to match rule 'Anything'
	at mypaper.tex; line 787 col 51 - line 789 col 4
	In "${}_{\rm ram}\,\sim\,\rho_{\rm ICM}\,{\rm v}_{\rm gal}^{2}$"
	{}_{\rmram}[[FLOATSUBSCRIPT]]
	        > ∼[[RELOP]] ρ[[UNKNOWN]] _{\rmICM}[[POSTSUBSCRIPT]] v[[UNKNOWN]] _{\rmgal}[[POSTSUBSCRIPT]] ^{2}[[POSTSUPERSCRIPT]]
[F162]
Warning:not_parsed:FLOATSUBSCRIPT>RELOP MathParser failed to match rule 'Anything'
	at mypaper.tex; line 789 col 65 - line 790 col 70
	In "${}_{\rm grav}=2\pi\,{\rm G}\,\sigma_{\rm grav}\sigma_{\rm HI}$"
	{}_{\rmgrav}[[FLOATSUBSCRIPT]]
	        > =[[RELOP]] 2[[NUMBER]] π[[UNKNOWN]] G[[UNKNOWN]] σ[[UNKNOWN]] _{\rmgrav}[[POSTSUBSCRIPT]] σ[[UNKNOWN]] _{\rmHI}[[POSTSUBSCRIPT]]
[F163][164][165][166][167][168][169][170]
Warning:not_parsed:UNKNOWN.POSTSUBSCRIPT>RELOP MathParser failed to match rule 'Anything'
	at mypaper.tex; line 799 col 70 - line 800 col 60
	In "$\rho_{\rm ICM}\,\geq\,\sim\,10^{-24}{\rm kg}\,{\rm m}^{-3}$"
	ρ[[UNKNOWN]] _{\rmICM}[[POSTSUBSCRIPT]]
	        > ≥[[RELOP]] ∼[[RELOP]] \,10[[NUMBER]] ^{-24}[[POSTSUPERSCRIPT]] kg[[UNKNOWN]] m[[UNKNOWN]] ^{-3}[[POSTSUPERSCRIPT]]
[F171]
Warning:not_parsed:FLOATSUBSCRIPT>RELOP MathParser failed to match rule 'Anything'
	at mypaper.tex; line 800 col 75 - line 801 col 49
	In "${}_{\rm gal}\,\sim\,1000\,{\rm km}\,{\rm s}^{-1}$"
	{}_{\rmgal}[[FLOATSUBSCRIPT]]
	        > ∼[[RELOP]] \,1000[[NUMBER]] km[[UNKNOWN]] s[[UNKNOWN]] ^{-1}[[POSTSUPERSCRIPT]]
[F172][173][174][175]
Warning:not_parsed:FLOATSUBSCRIPT>RELOP MathParser failed to match rule 'Anything'
	at mypaper.tex; line 811 col 72 - line 812 col 74
	In "${}_{\rm s}\,\sim\,(\rho_{\rm ICM}/\rho_{\rm HI})^{0.5}\,{\rm v}_{\rm gal}$"
	{}_{\rms}[[FLOATSUBSCRIPT]]
	        > ∼[[RELOP]] ([[OPEN]] ρ[[UNKNOWN]] _{\rmICM}[[POSTSUBSCRIPT]] /[[MULOP]] ρ[[UNKNOWN]] _{\rmHI}[[POSTSUBSCRIPT]] )[[CLOSE]] ^{0.5}[[POSTSUPERSCRIPT]] v[[UNKNOWN]] _{\rmgal}[[POSTSUBSCRIPT]]
[F176][177][178][179]
Warning:not_parsed:FLOATSUBSCRIPT>RELOP MathParser failed to match rule 'Anything'
	at mypaper.tex; line 816 col 50 - line 817 col 49
	In "${}_{\rm gal}\,\sim\,1000\,{\rm km}\,{\rm s}^{-1}$"
	{}_{\rmgal}[[FLOATSUBSCRIPT]]
	        > ∼[[RELOP]] \,1000[[NUMBER]] km[[UNKNOWN]] s[[UNKNOWN]] ^{-1}[[POSTSUPERSCRIPT]]
[F180][181][182][183][184][185][186][187][188][189][190][191]
Warning:not_parsed:FLOATSUBSCRIPT>RELOP MathParser failed to match rule 'Anything'
	at mypaper.tex; line 848 col 39 - line 849 col 42
	In "${}_{\rm gal}\,\sim\,1000\,$"
	{}_{\rmgal}[[FLOATSUBSCRIPT]]
	        > ∼[[RELOP]] \,1000[[NUMBER]]
[F192][193][194][195][196][197][198][199][200][201][202][203][204][205][206][207][208][209][210][211][212][213][214][215][216][217][218][219][220][221][222][223]
Warning:not_parsed:FLOATSUPERSCRIPT>ADDOP MathParser failed to match rule 'Anything'
	at mypaper.tex; line 957 col 11 - line 958 col 60
	In "${}^{4}-10^{6}$"
	{}^{4}[[FLOATSUPERSCRIPT]]
	        > -[[ADDOP]] 10[[NUMBER]] ^{6}[[POSTSUPERSCRIPT]]
[F224][225][226]
Warning:not_parsed:FLOATSUBSCRIPT>RELOP MathParser failed to match rule 'Anything'
	at mypaper.tex; line 1001 col 74 - line 1002 col 43
	In "${}_{\rm IGM}\,\sim\,10^{-5}\,{\rm cm}^{-3}$"
	{}_{\rmIGM}[[FLOATSUBSCRIPT]]
	        > ∼[[RELOP]] \,10[[NUMBER]] ^{-5}[[POSTSUPERSCRIPT]] cm[[UNKNOWN]] ^{-3}[[POSTSUPERSCRIPT]]
[F227][228][229]
Warning:not_parsed:FLOATSUBSCRIPT>RELOP MathParser failed to match rule 'Anything'
	at mypaper.tex; line 1010 col 39 - line 1011 col 55
	In "${}_{\rm shock}\sim 1.27$"
	{}_{\rmshock}[[FLOATSUBSCRIPT]]
	        > ∼[[RELOP]] 1.27[[NUMBER]]
[F230][231][232]
Warning:not_parsed:FLOATSUBSCRIPT>RELOP MathParser failed to match rule 'Anything'
	at mypaper.tex; line 1016 col 70 - line 1017 col 33
	In "${}_{\rm infall}\sim\,800\,$"
	{}_{\rminfall}[[FLOATSUBSCRIPT]]
	        > ∼[[RELOP]] \,800[[NUMBER]]
[F233][234][235][236][237][238][239]
Warning:not_parsed:FLOATSUBSCRIPT>RELOP MathParser failed to match rule 'Anything'
	at mypaper.tex; line 1018 col 11 - line 1020 col 5
	In "${}_{\rm IGM}\,\sim$"
	{}_{\rmIGM}[[FLOATSUBSCRIPT]]
	        > ∼[[RELOP]]
[F240][241][242][243][244][245][246][247][248][249][250][251][252][253][254][255][256][257][258][259][260][261][262][263][264][265][266][267][268][269][270][271][272][273][274]
Warning:not_parsed:>OPEN MathParser failed to match rule 'Anything'
	at mypaper.tex; line 1100 col 9 - line 1101 col 72
	In "$(1+$"
	> ([[OPEN]] 1[[NUMBER]] +[[ADDOP]]
[F275]
Warning:not_parsed:>CLOSE MathParser failed to match rule 'Anything'
	at mypaper.tex; line 1100 col 3 - line 1101 col 78
	In "$)^{3}$"
	> )[[CLOSE]] ^{3}[[POSTSUPERSCRIPT]]
[F276]
Warning:not_parsed:FLOATSUBSCRIPT>RELOP MathParser failed to match rule 'Anything'
	at mypaper.tex; line 1102 col 51 - line 1103 col 49
	In "${}_{\rm IGM}\sim 10^{-5}\,{\rm cm}^{-3}$"
	{}_{\rmIGM}[[FLOATSUBSCRIPT]]
	        > ∼[[RELOP]] 10[[NUMBER]] ^{-5}[[POSTSUPERSCRIPT]] cm[[UNKNOWN]] ^{-3}[[POSTSUPERSCRIPT]]
[F277][278][279][280][281][282][283][284][285][286][287][288][289][290][291][292][293][294][295][296]
Warning:not_parsed:FLOATSUPERSCRIPT>CLOSE MathParser failed to match rule 'Anything'
	at mypaper.tex; line 1216 col 33 - line 1217 col 49
	In "${}^{-3}]$"
	{}^{-3}[[FLOATSUPERSCRIPT]]
	        > ][[CLOSE]]
[F297][298][299][300][301]
Warning:not_parsed:FLOATSUBSCRIPT>RELOP MathParser failed to match rule 'Anything'
	at mypaper.tex; line 1240 col 29 - line 1241 col 24
	In "${}_{\rm d}=2\times 10^{6}$"
	{}_{\rmd}[[FLOATSUBSCRIPT]]
	        > =[[RELOP]] 2[[NUMBER]] ×[[MULOP]] 10[[NUMBER]] ^{6}[[POSTSUPERSCRIPT]]
[F302][303][304][305][306][307][308][309][310][311][312][313][314][315][316][317][318][319][320][321][322][323]
Warning:not_parsed:FLOATSUBSCRIPT>RELOP MathParser failed to match rule 'Anything'
	at mypaper.tex; line 1334 col 41 - line 1335 col 51
	In "${}_{\rm d}=0.0075$"
	{}_{\rmd}[[FLOATSUBSCRIPT]]
	        > =[[RELOP]] 0.0075[[NUMBER]]
[F324]
Warning:not_parsed:FLOATSUBSCRIPT>RELOP MathParser failed to match rule 'Anything'
	at mypaper.tex; line 1336 col 54 - line 1337 col 37
	In "${}_{\rm d}=0.0071$"
	{}_{\rmd}[[FLOATSUBSCRIPT]]
	        > =[[RELOP]] 0.0071[[NUMBER]]
[F325][326][327][328][329][330][331][332]
Warning:not_parsed:FLOATSUBSCRIPT>RELOP MathParser failed to match rule 'Anything'
	at mypaper.tex; line 1376 col 48 - line 1377 col 65
	In "${}_{\rm B}\sim\,1.6\times 10^{10}\,{\rm L}_{\odot}$"
	{}_{\rmB}[[FLOATSUBSCRIPT]]
	        > ∼[[RELOP]] \,1.6[[NUMBER]] ×[[MULOP]] 10[[NUMBER]] ^{10}[[POSTSUPERSCRIPT]] L[[UNKNOWN]] _{\odot}[[POSTSUBSCRIPT]]
[F333][334][335][336][337][338][339][340][341][342][343][344][345][346][347]
Warning:not_parsed:FLOATSUBSCRIPT>ADDOP MathParser failed to match rule 'Anything'
	at mypaper.tex; line 1414 col 57 - line 1415 col 25
	In "${}_{\rm adv}+$"
	{}_{\rmadv}[[FLOATSUBSCRIPT]]
	        > +[[ADDOP]]
[F348][349][350][351][352]
Warning:not_parsed:FLOATSUBSCRIPT>RELOP MathParser failed to match rule 'Anything'
	at mypaper.tex; line 1422 col 68 - line 1423 col 23
	In "${}_{\rm infall}\sim 800$"
	{}_{\rminfall}[[FLOATSUBSCRIPT]]
	        > ∼[[RELOP]] 800[[NUMBER]]
[F353][354][355][356][357][358][359][360][361][362][363][364][365][366][367][368][369][370][371][372][373][374][375][376][377][378][379][380][381]
Warning:not_parsed:FLOATSUBSCRIPT>RELOP MathParser failed to match rule 'Anything'
	at mypaper.tex; line 1513 col 70 - line 1514 col 34
	In "${}_{\rm e}=0.0007\,{\rm cm}^{-3}$"
	{}_{\rme}[[FLOATSUBSCRIPT]]
	        > =[[RELOP]] 0.0007[[NUMBER]] cm[[UNKNOWN]] ^{-3}[[POSTSUPERSCRIPT]]
[F382]
Warning:not_parsed:FLOATSUBSCRIPT>RELOP MathParser failed to match rule 'Anything'
	at mypaper.tex; line 1513 col 35 - line 1514 col 63
	In "${}_{\rm e}=3.37\times 10^{7}$"
	{}_{\rme}[[FLOATSUBSCRIPT]]
	        > =[[RELOP]] 3.37[[NUMBER]] ×[[MULOP]] 10[[NUMBER]] ^{7}[[POSTSUPERSCRIPT]]
[F383][384][385][386][387][388][389][390][391][392][393][394][395][396][397][398][399][400]
Warning:not_parsed:FLOATSUBSCRIPT>OPEN MathParser failed to match rule 'Anything'
	at mypaper.tex; line 1610 col 16 - line 1612 col 35
	In "${}_{\nu}(100{\mu}m)\sim{\rm S}_{\nu}({\rm B})^{1.25}$"
	{}_{\nu}[[FLOATSUBSCRIPT]]
	        > ([[OPEN]] 100[[NUMBER]] μ[[UNKNOWN]] m[[UNKNOWN]] )[[CLOSE]] ∼[[RELOP]] S[[UNKNOWN]] _{\nu}[[POSTSUBSCRIPT]] ([[OPEN]] B[[UNKNOWN]] )[[CLOSE]] ^{1.25}[[POSTSUPERSCRIPT]]
[F401]
Warning:not_parsed:FLOATSUBSCRIPT>RELOP MathParser failed to match rule 'Anything'
	at mypaper.tex; line 1615 col 45 - line 1616 col 47
	In "${}_{\rm B}=3.7\times 10^{11}\,{\rm L}_{\odot}$"
	{}_{\rmB}[[FLOATSUBSCRIPT]]
	        > =[[RELOP]] 3.7[[NUMBER]] ×[[MULOP]] 10[[NUMBER]] ^{11}[[POSTSUPERSCRIPT]] L[[UNKNOWN]] _{\odot}[[POSTSUBSCRIPT]]
[F402]
Warning:not_parsed:FLOATSUBSCRIPT>MULOP MathParser failed to match rule 'Anything'
	at mypaper.tex; line 1617 col 69 - line 1618 col 27
	In "${}_{175}/{\rm F}_{100}=1.5$"
	{}_{175}[[FLOATSUBSCRIPT]]
	        > /[[MULOP]] F[[UNKNOWN]] _{100}[[POSTSUBSCRIPT]] =[[RELOP]] 1.5[[NUMBER]]
[F403][404]
Warning:not_parsed:FLOATSUBSCRIPT>RELOP MathParser failed to match rule 'Anything'
	at mypaper.tex; line 1637 col 75 - line 1638 col 18
	In "${}_{\rm B}=0.005$"
	{}_{\rmB}[[FLOATSUBSCRIPT]]
	        > =[[RELOP]] 0.005[[NUMBER]]
[F405][406][407][408][409][410][411][412][413][414][415][416][417][418][419][420][421][422][423]
Math parsing succeeded:
   ltx:XMath: 381/423
   ltx:XMArg: 715/719
Symbols assumed as simple identifiers (with # of occurences):
   'B' (13), 'C' (6), 'DEF' (2), 'Delta' (15), 'E' (26), 'F' (16), 'F100' (1), 'F175' (2), 'F259' (1), 'G' (3), 'Gyr' (2), 'H' (13), 'HI' (7), 'He' (2), 'ICM' (5), 'IGM' (4), 'K' (4), 'L' (12), 'Lambda' (10), 'M' (63), 'N' (26), 'O' (2), 'P' (10), 'Q' (6), 'R' (10), 'S' (11), 'Sigma' (4), 'T' (70), 'T{italic}' (4), 'V' (8), 'Z' (2), 'a' (133), 'adv' (3), 'atoms' (6), 'a{italic}' (37), 'c' (16), 'cm' (59), 'd' (22), 'dM' (10), 'dT' (6), 'da' (26), 'dt' (18), 'd{italic}' (1), 'e' (18), 'erg' (4), 'e{italic}' (8), 'for' (6), 'f{italic}' (6), 'g' (6), 'gal' (8), 'grav' (4), 'i' (18), 'infall' (5), 'k' (8), 'keV' (6), 'kg' (5), 'km' (14), 'k{italic}' (18), 'lambda' (24), 'm' (9), 'max' (11), 'min' (9), 'mu' (50), 'm{italic}' (21), 'n' (48), 'nr' (2), 'nu' (11), 'otherwise' (4), 'pc' (14), 'pi' (27), 'r' (28), 'ram' (1), 'rho' (59), 's' (22), 'shock' (2), 'sigma' (18), 'sput' (9), 'stars' (1), 'strip' (1), 'surv' (6), 't' (28), 'tau' (2), 'v' (20), 'v{italic}' (4), 'w' (13), 'xi' (37), 'x{italic}' (12), 'y' (8), 'yr' (16), 'zeta' (12), 'Å' (3)
Set MATHPARSER_SPECULATE to speculate on possible notations.
 16.35 sec)
(Finalizing... 0.72 sec)
Conversion complete: 46 warnings.

(post-processing...
(Scan mypaper.html processing... 1.87 sec)
(MakeBibliography mypaper.html processing... 0.00 sec)
(CrossRef mypaper.html processing... 0.47 sec)
(MathML::Presentation[w/MathML::Content+LexMath+TeXMath] mypaper.html 423 to process... 2.71 sec)
(XSLT[using LaTeXML-html5.xsl] mypaper.html processing... 0.70 sec)
(Writer mypaper.html processing... 0.03 sec) 5.80 sec)
Post-processing complete: No obvious problems
processing finished Tue Aug 14 04:07:46 2018
Status:conversion:1 
