
(Loading /home/deginev/perl5/lib/perl5/LaTeXML/Package/TeX.pool.ltxml...
(Loading /home/deginev/perl5/lib/perl5/LaTeXML/Package/eTeX.pool.ltxml... 0.00 sec)
(Loading /home/deginev/perl5/lib/perl5/LaTeXML/Package/pdfTeX.pool.ltxml... 0.01 sec) 0.26 sec)
(Loading /home/deginev/perl5/lib/perl5/LaTeXML/Package/latexml.sty.ltxml... 0.01 sec)
(Loading /home/deginev/perl5/lib/perl5/LaTeXML/Package/llamapun.sty.ltxml... 0.00 sec)

latexml_worker (LaTeXML version 0.8.3; revision 0dba109)
processing started Tue Aug 14 04:20:41 2018

(Digesting TeX hst1...
(Processing content /dev/shm/1CLMjboVnI/hst1.tex...
(Loading /home/deginev/perl5/lib/perl5/LaTeXML/Package/LaTeX.pool.ltxml... 0.28 sec)
Info:unexpected:\documentstyle Entering LaTeX 2.09 Compatibility mode
	at hst1.tex; line 1 col 0 - line 1 col 18

(Loading /home/deginev/perl5/lib/perl5/LaTeXML/Package/mn.cls.ltxml...
(Loading /home/deginev/perl5/lib/perl5/LaTeXML/Package/article.cls.ltxml... 0.01 sec)
(Loading /home/deginev/perl5/lib/perl5/LaTeXML/Package/mn2e_support.sty.ltxml... 0.01 sec) 0.03 sec) 5.51 sec) 5.56 sec)
(Building...
(Loading compiled schema /home/deginev/perl5/lib/perl5/LaTeXML/resources/RelaxNG/LaTeXML.model... 0.02 sec)............................................................ 3.70 sec)
(Rewriting... 0.05 sec)
(Math Parsing...203 formulae ...[1][2][3][4][5][6][7][8][9][10][11][12][13][14][15][16][17][18][19][20][21][22][23][24][25][26][27][28][29][30][31][32][33][34][35][36][37][38][39][40][41][42][43][44][45][46][47][48][49][50][51][52][53][54][55][56][57][58][59][60][61][62][63][64][65][66][67][68][69][70][71][72][73][74][75][76][77][78][79][80][81][82][83][84][85][86][87][88][89][90][91][92][93][94][95][96][97][98][99][100][101][102][103][104][105][106][107][108][109][110][111][112][113][114][115][116][117][118][119][120][121][122][123][124][125][126][127][128][129][130][131][132][133][134][135][136][137][138][139][140][141][142][143][144][145][146][147][148][149][150][151][152][153][154][155][156][157][158][159][160][161][162][163][164][165][166][167][168][169][170][171][172][173][174][175][176][177][178][179][180][181][182][183][184][185][186][187][188][189][190][191][192][193][194][195][196][197][198][199][200][201][202][203]
Math parsing succeeded:
   ltx:XMArg: 69/69
   ltx:XMath: 203/203
Symbols assumed as simple identifiers (with # of occurences):
   'M{italic}' (2), 'alpha' (32), 'beta' (3), 'lambda' (47), 'sigma' (10), 't{italic}' (16), 'Å' (4)
Set MATHPARSER_SPECULATE to speculate on possible notations.
 1.16 sec)
(Finalizing... 0.20 sec)
Conversion complete: No obvious problems.

(post-processing...
(Scan hst1.html processing... 0.27 sec)
(MakeBibliography hst1.html processing... 0.00 sec)
(CrossRef hst1.html processing... 0.07 sec)
(MathML::Presentation[w/MathML::Content+LexMath+TeXMath] hst1.html 203 to process... 0.42 sec)
(XSLT[using LaTeXML-html5.xsl] hst1.html processing... 0.16 sec)
(Writer hst1.html processing... 0.01 sec) 0.93 sec)
Post-processing complete: No obvious problems
processing finished Tue Aug 14 04:20:54 2018
Status:conversion:0 
